\BOOKMARK [0][]{Titlepage.0}{Titlepage}{}% 1
\BOOKMARK [0][]{chapter.1}{1 Einleitung}{}% 2
\BOOKMARK [1][]{section*.7}{1.1 Firmenvorstellung}{chapter.1}% 3
\BOOKMARK [1][]{section*.8}{1.2 Motivation}{chapter.1}% 4
\BOOKMARK [1][]{section*.9}{1.3 Aufgabenstellung und Zielsetzung}{chapter.1}% 5
\BOOKMARK [1][]{section*.14}{1.4 Vorgehensweise und Aufbau der Arbeit}{chapter.1}% 6
\BOOKMARK [0][]{chapter.2}{2 Grundlagen}{}% 7
\BOOKMARK [1][]{section*.16}{2.1 Qt}{chapter.2}% 8
\BOOKMARK [2][]{section*.17}{2.1.1 Definition}{section*.16}% 9
\BOOKMARK [2][]{section*.18}{2.1.2 Qt IDE - QtCreator}{section*.16}% 10
\BOOKMARK [2][]{section*.20}{2.1.3 Qt Build System}{section*.16}% 11
\BOOKMARK [2][]{section*.21}{2.1.4 Signale und Slots}{section*.16}% 12
\BOOKMARK [2][]{section*.23}{2.1.5 Qt's Module und Klassen}{section*.16}% 13
\BOOKMARK [2][]{section*.32}{2.1.6 Lizensierung}{section*.16}% 14
\BOOKMARK [1][]{section*.36}{2.2 HTML und XML}{chapter.2}% 15
\BOOKMARK [2][]{section*.39}{2.2.1 HTML}{section*.36}% 16
\BOOKMARK [2][]{section*.41}{2.2.2 XML}{section*.36}% 17
\BOOKMARK [1][]{section*.42}{2.3 GUI Gestaltung}{chapter.2}% 18
\BOOKMARK [0][]{chapter.3}{3 Analyse}{}% 19
\BOOKMARK [1][]{section*.44}{3.1 Analyse des Ist-Zustandes}{chapter.3}% 20
\BOOKMARK [2][]{section*.45}{3.1.1 Datenzustand}{section*.44}% 21
\BOOKMARK [2][]{section*.47}{3.1.2 Datenauswertung}{section*.44}% 22
\BOOKMARK [2][]{section*.50}{3.1.3 Tests}{section*.44}% 23
\BOOKMARK [2][]{section*.52}{3.1.4 Datenbank}{section*.44}% 24
\BOOKMARK [1][]{section*.54}{3.2 Schwachstellenanalyse}{chapter.3}% 25
\BOOKMARK [1][]{section*.55}{3.3 Soll Konzept}{chapter.3}% 26
\BOOKMARK [1][]{section*.57}{3.4 L\366sungsansatz}{chapter.3}% 27
\BOOKMARK [2][]{section*.58}{3.4.1 Datenbeschaffung}{section*.57}% 28
\BOOKMARK [2][]{section*.60}{3.4.2 Verarbeitung}{section*.57}% 29
\BOOKMARK [2][]{section*.62}{3.4.3 Darstellung}{section*.57}% 30
\BOOKMARK [2][]{section*.63}{3.4.4 Handhabung}{section*.57}% 31
\BOOKMARK [0][]{chapter.4}{4 Realisierung}{}% 32
\BOOKMARK [1][]{section*.65}{4.1 Randbedingungen}{chapter.4}% 33
\BOOKMARK [2][]{section*.66}{4.1.1 Musskriterien}{section*.65}% 34
\BOOKMARK [2][]{section*.67}{4.1.2 Wunschkriterien}{section*.65}% 35
\BOOKMARK [1][]{section*.68}{4.2 Entwurf der Qt-Anwendung}{chapter.4}% 36
\BOOKMARK [2][]{section*.69}{4.2.1 Funktionieller Entwurf der Qt-Anwendung}{section*.68}% 37
\BOOKMARK [2][]{section*.73}{4.2.2 Klassenentwurf}{section*.68}% 38
\BOOKMARK [2][]{section*.76}{4.2.3 Benutzeroberfl\344chenentwurf}{section*.68}% 39
\BOOKMARK [1][]{section*.79}{4.3 Implementierung}{chapter.4}% 40
\BOOKMARK [2][]{section*.80}{4.3.1 Entwicklungsumgebung und andere Komponenten}{section*.79}% 41
\BOOKMARK [2][]{section*.81}{4.3.2 Projekte und Dateien}{section*.79}% 42
\BOOKMARK [2][]{section*.82}{4.3.3 Webinterface}{section*.79}% 43
\BOOKMARK [2][]{section*.83}{4.3.4 FlashDB}{section*.79}% 44
\BOOKMARK [2][]{section*.84}{4.3.5 Datenverarbeitung}{section*.79}% 45
\BOOKMARK [2][]{section*.85}{4.3.6 GUI Design}{section*.79}% 46
\BOOKMARK [0][]{chapter.5}{5 Tests}{}% 47
\BOOKMARK [0][]{chapter.6}{6 Zusammenfassung und Ausblick}{}% 48
\BOOKMARK [0][]{chapter*.88}{Literatur}{}% 49
\BOOKMARK [0][]{appendix.A}{A Anhang}{}% 50
